2026-03-27T19:44:05.721-05:00  INFO 3044 --- [app-exception-logs] [main] p.e.i.a.AppExceptionLogsApplication      : Starting AppExceptionLogsApplication using Java 21.0.3 with PID 3044 (C:\lsalvatierra\IDAT\DesarrolloDeAplicacionesSeguras\clases\20260\Semana8\app-exception-logs\target\classes started by luis_ in C:\lsalvatierra\IDAT\DesarrolloDeAplicacionesSeguras\clases\20260\Semana8\app-exception-logs)
2026-03-27T19:44:05.734-05:00  INFO 3044 --- [app-exception-logs] [main] p.e.i.a.AppExceptionLogsApplication      : No active profile set, falling back to 1 default profile: "default"
2026-03-27T19:44:07.845-05:00  INFO 3044 --- [app-exception-logs] [main] .s.d.r.c.RepositoryConfigurationDelegate : Bootstrapping Spring Data JPA repositories in DEFAULT mode.
2026-03-27T19:44:08.032-05:00  INFO 3044 --- [app-exception-logs] [main] .s.d.r.c.RepositoryConfigurationDelegate : Finished Spring Data repository scanning in 131 ms. Found 2 JPA repository interfaces.
2026-03-27T19:44:09.586-05:00  INFO 3044 --- [app-exception-logs] [main] o.s.boot.tomcat.TomcatWebServer          : Tomcat initialized with port 8080 (http)
2026-03-27T19:44:09.629-05:00  INFO 3044 --- [app-exception-logs] [main] o.apache.catalina.core.StandardService   : Starting service [Tomcat]
2026-03-27T19:44:09.630-05:00  INFO 3044 --- [app-exception-logs] [main] o.apache.catalina.core.StandardEngine    : Starting Servlet engine: [Apache Tomcat/11.0.18]
2026-03-27T19:44:09.784-05:00  INFO 3044 --- [app-exception-logs] [main] b.w.c.s.WebApplicationContextInitializer : Root WebApplicationContext: initialization completed in 3874 ms
2026-03-27T19:44:10.416-05:00  INFO 3044 --- [app-exception-logs] [main] com.zaxxer.hikari.HikariDataSource       : HikariPool-1 - Starting...
2026-03-27T19:44:10.876-05:00  INFO 3044 --- [app-exception-logs] [main] com.zaxxer.hikari.pool.HikariPool        : HikariPool-1 - Added connection com.mysql.cj.jdbc.ConnectionImpl@42e4e589
2026-03-27T19:44:10.880-05:00  INFO 3044 --- [app-exception-logs] [main] com.zaxxer.hikari.HikariDataSource       : HikariPool-1 - Start completed.
2026-03-27T19:44:10.943-05:00  INFO 3044 --- [app-exception-logs] [main] org.hibernate.orm.jpa                    : HHH008540: Processing PersistenceUnitInfo [name: default]
2026-03-27T19:44:11.081-05:00  INFO 3044 --- [app-exception-logs] [main] org.hibernate.orm.core                   : HHH000001: Hibernate ORM core version 7.2.7.Final
2026-03-27T19:44:12.267-05:00  INFO 3044 --- [app-exception-logs] [main] o.s.o.j.p.SpringPersistenceUnitInfo      : No LoadTimeWeaver setup: ignoring JPA class transformer
2026-03-27T19:44:12.517-05:00  INFO 3044 --- [app-exception-logs] [main] org.hibernate.orm.connections.pooling    : HHH10001005: Database info:
	Database JDBC URL [jdbc:mysql://localhost:3306/bancodb?useSSL=false]
	Database driver: MySQL Connector/J
	Database dialect: MySQLDialect
	Database version: 8.4.2
	Default catalog/schema: bancodb/undefined
	Autocommit mode: undefined/unknown
	Isolation level: REPEATABLE_READ [default REPEATABLE_READ]
	JDBC fetch size: none
	Pool: DataSourceConnectionProvider
	Minimum pool size: undefined/unknown
	Maximum pool size: undefined/unknown
2026-03-27T19:44:14.354-05:00  INFO 3044 --- [app-exception-logs] [main] org.hibernate.orm.core                   : HHH000489: No JTA platform available (set 'hibernate.transaction.jta.platform' to enable JTA platform integration)
2026-03-27T19:44:14.371-05:00  INFO 3044 --- [app-exception-logs] [main] j.LocalContainerEntityManagerFactoryBean : Initialized JPA EntityManagerFactory for persistence unit 'default'
2026-03-27T19:44:14.627-05:00  INFO 3044 --- [app-exception-logs] [main] o.s.d.j.r.query.QueryEnhancerFactories   : Hibernate is in classpath; If applicable, HQL parser will be used.
2026-03-27T19:44:14.987-05:00  WARN 3044 --- [app-exception-logs] [main] JpaBaseConfiguration$JpaWebConfiguration : spring.jpa.open-in-view is enabled by default. Therefore, database queries may be performed during view rendering. Explicitly configure spring.jpa.open-in-view to disable this warning
2026-03-27T19:44:16.052-05:00  INFO 3044 --- [app-exception-logs] [main] o.s.boot.tomcat.TomcatWebServer          : Tomcat started on port 8080 (http) with context path '/'
2026-03-27T19:44:16.067-05:00  INFO 3044 --- [app-exception-logs] [main] p.e.i.a.AppExceptionLogsApplication      : Started AppExceptionLogsApplication in 11.727 seconds (process running for 13.065)
2026-03-27T19:44:57.923-05:00  INFO 3044 --- [app-exception-logs] [SpringApplicationShutdownHook] o.s.boot.tomcat.GracefulShutdown         : Commencing graceful shutdown. Waiting for active requests to complete
2026-03-27T19:44:57.933-05:00  INFO 3044 --- [app-exception-logs] [tomcat-shutdown] o.s.boot.tomcat.GracefulShutdown         : Graceful shutdown complete
2026-03-27T19:44:57.939-05:00  INFO 3044 --- [app-exception-logs] [SpringApplicationShutdownHook] j.LocalContainerEntityManagerFactoryBean : Closing JPA EntityManagerFactory for persistence unit 'default'
2026-03-27T19:44:57.945-05:00  INFO 3044 --- [app-exception-logs] [SpringApplicationShutdownHook] com.zaxxer.hikari.HikariDataSource       : HikariPool-1 - Shutdown initiated...
2026-03-27T19:44:57.960-05:00  INFO 3044 --- [app-exception-logs] [SpringApplicationShutdownHook] com.zaxxer.hikari.HikariDataSource       : HikariPool-1 - Shutdown completed.
2026-03-27T19:45:27.440-05:00  INFO 8828 --- [app-exception-logs] [main] p.e.i.a.AppExceptionLogsApplication      : Starting AppExceptionLogsApplication using Java 21.0.3 with PID 8828 (C:\lsalvatierra\IDAT\DesarrolloDeAplicacionesSeguras\clases\20260\Semana8\app-exception-logs\target\classes started by luis_ in C:\lsalvatierra\IDAT\DesarrolloDeAplicacionesSeguras\clases\20260\Semana8\app-exception-logs)
2026-03-27T19:45:27.448-05:00  INFO 8828 --- [app-exception-logs] [main] p.e.i.a.AppExceptionLogsApplication      : No active profile set, falling back to 1 default profile: "default"
2026-03-27T19:45:29.403-05:00  INFO 8828 --- [app-exception-logs] [main] .s.d.r.c.RepositoryConfigurationDelegate : Bootstrapping Spring Data JPA repositories in DEFAULT mode.
2026-03-27T19:45:29.564-05:00  INFO 8828 --- [app-exception-logs] [main] .s.d.r.c.RepositoryConfigurationDelegate : Finished Spring Data repository scanning in 119 ms. Found 2 JPA repository interfaces.
2026-03-27T19:45:30.904-05:00  INFO 8828 --- [app-exception-logs] [main] o.s.boot.tomcat.TomcatWebServer          : Tomcat initialized with port 8080 (http)
2026-03-27T19:45:30.945-05:00  INFO 8828 --- [app-exception-logs] [main] o.apache.catalina.core.StandardService   : Starting service [Tomcat]
2026-03-27T19:45:30.946-05:00  INFO 8828 --- [app-exception-logs] [main] o.apache.catalina.core.StandardEngine    : Starting Servlet engine: [Apache Tomcat/11.0.18]
2026-03-27T19:45:31.097-05:00  INFO 8828 --- [app-exception-logs] [main] b.w.c.s.WebApplicationContextInitializer : Root WebApplicationContext: initialization completed in 3527 ms
2026-03-27T19:45:31.760-05:00  INFO 8828 --- [app-exception-logs] [main] com.zaxxer.hikari.HikariDataSource       : HikariPool-1 - Starting...
2026-03-27T19:45:32.227-05:00  INFO 8828 --- [app-exception-logs] [main] com.zaxxer.hikari.pool.HikariPool        : HikariPool-1 - Added connection com.mysql.cj.jdbc.ConnectionImpl@79a201cf
2026-03-27T19:45:32.232-05:00  INFO 8828 --- [app-exception-logs] [main] com.zaxxer.hikari.HikariDataSource       : HikariPool-1 - Start completed.
2026-03-27T19:45:32.298-05:00  INFO 8828 --- [app-exception-logs] [main] org.hibernate.orm.jpa                    : HHH008540: Processing PersistenceUnitInfo [name: default]
2026-03-27T19:45:32.448-05:00  INFO 8828 --- [app-exception-logs] [main] org.hibernate.orm.core                   : HHH000001: Hibernate ORM core version 7.2.7.Final
2026-03-27T19:45:33.830-05:00  INFO 8828 --- [app-exception-logs] [main] o.s.o.j.p.SpringPersistenceUnitInfo      : No LoadTimeWeaver setup: ignoring JPA class transformer
2026-03-27T19:45:34.046-05:00  INFO 8828 --- [app-exception-logs] [main] org.hibernate.orm.connections.pooling    : HHH10001005: Database info:
	Database JDBC URL [jdbc:mysql://localhost:3306/bancodb?useSSL=false]
	Database driver: MySQL Connector/J
	Database dialect: MySQLDialect
	Database version: 8.4.2
	Default catalog/schema: bancodb/undefined
	Autocommit mode: undefined/unknown
	Isolation level: REPEATABLE_READ [default REPEATABLE_READ]
	JDBC fetch size: none
	Pool: DataSourceConnectionProvider
	Minimum pool size: undefined/unknown
	Maximum pool size: undefined/unknown
2026-03-27T19:45:35.710-05:00  INFO 8828 --- [app-exception-logs] [main] org.hibernate.orm.core                   : HHH000489: No JTA platform available (set 'hibernate.transaction.jta.platform' to enable JTA platform integration)
2026-03-27T19:45:35.725-05:00  INFO 8828 --- [app-exception-logs] [main] j.LocalContainerEntityManagerFactoryBean : Initialized JPA EntityManagerFactory for persistence unit 'default'
2026-03-27T19:45:35.938-05:00  INFO 8828 --- [app-exception-logs] [main] o.s.d.j.r.query.QueryEnhancerFactories   : Hibernate is in classpath; If applicable, HQL parser will be used.
2026-03-27T19:45:36.276-05:00  WARN 8828 --- [app-exception-logs] [main] JpaBaseConfiguration$JpaWebConfiguration : spring.jpa.open-in-view is enabled by default. Therefore, database queries may be performed during view rendering. Explicitly configure spring.jpa.open-in-view to disable this warning
2026-03-27T19:45:37.209-05:00  INFO 8828 --- [app-exception-logs] [main] o.s.boot.tomcat.TomcatWebServer          : Tomcat started on port 8080 (http) with context path '/'
2026-03-27T19:45:37.222-05:00  INFO 8828 --- [app-exception-logs] [main] p.e.i.a.AppExceptionLogsApplication      : Started AppExceptionLogsApplication in 10.958 seconds (process running for 12.024)
2026-03-27T19:46:28.381-05:00  INFO 8828 --- [app-exception-logs] [http-nio-8080-exec-1] o.a.c.c.C.[Tomcat].[localhost].[/]       : Initializing Spring DispatcherServlet 'dispatcherServlet'
2026-03-27T19:46:28.382-05:00  INFO 8828 --- [app-exception-logs] [http-nio-8080-exec-1] o.s.web.servlet.DispatcherServlet        : Initializing Servlet 'dispatcherServlet'
2026-03-27T19:46:28.389-05:00  INFO 8828 --- [app-exception-logs] [http-nio-8080-exec-1] o.s.web.servlet.DispatcherServlet        : Completed initialization in 3 ms
2026-03-27T19:47:10.913-05:00  INFO 8828 --- [app-exception-logs] [http-nio-8080-exec-3] p.e.i.a.service.RetiroService            : Inicio de retiro. cliente=10, monto=780, usuario=operador01
2026-03-27T19:47:11.519-05:00  WARN 8828 --- [app-exception-logs] [http-nio-8080-exec-3] p.e.i.a.service.RetiroService            : Cliente no encontrado. Cliente=10
2026-03-27T19:47:11.758-05:00  WARN 8828 --- [app-exception-logs] [http-nio-8080-exec-3] p.e.i.a.e.GlobalExceptionHandler         : Excepción controlada: El cliente no existe
2026-03-27T19:47:44.562-05:00  INFO 8828 --- [app-exception-logs] [http-nio-8080-exec-4] p.e.i.a.service.RetiroService            : Inicio de retiro. cliente=3, monto=1000, usuario=operador01
2026-03-27T19:47:44.576-05:00  WARN 8828 --- [app-exception-logs] [http-nio-8080-exec-4] p.e.i.a.service.RetiroService            : Saldo insuficiente. ClienteId=3, saldoActual=50.00, montoSolicitado=1000
2026-03-27T19:47:44.635-05:00  WARN 8828 --- [app-exception-logs] [http-nio-8080-exec-4] p.e.i.a.e.GlobalExceptionHandler         : Excepción controlada: Saldo insuficiente para realizar el retiro
2026-03-27T19:50:48.507-05:00  INFO 8828 --- [app-exception-logs] [http-nio-8080-exec-7] p.e.i.a.service.RetiroService            : Inicio de retiro. cliente=1, monto=100, usuario=operador01
2026-03-27T19:50:48.564-05:00  INFO 8828 --- [app-exception-logs] [http-nio-8080-exec-7] p.e.i.a.service.RetiroService            : Retiro exitoso. ClienteId=1, nuevoSaldo=1400.00
2026-03-27T20:02:03.153-05:00  INFO 8828 --- [app-exception-logs] [SpringApplicationShutdownHook] o.s.boot.tomcat.GracefulShutdown         : Commencing graceful shutdown. Waiting for active requests to complete
2026-03-27T20:02:03.165-05:00  INFO 8828 --- [app-exception-logs] [tomcat-shutdown] o.s.boot.tomcat.GracefulShutdown         : Graceful shutdown complete
2026-03-27T20:02:03.173-05:00  INFO 8828 --- [app-exception-logs] [SpringApplicationShutdownHook] j.LocalContainerEntityManagerFactoryBean : Closing JPA EntityManagerFactory for persistence unit 'default'
2026-03-27T20:02:03.178-05:00  INFO 8828 --- [app-exception-logs] [SpringApplicationShutdownHook] com.zaxxer.hikari.HikariDataSource       : HikariPool-1 - Shutdown initiated...
2026-03-27T20:02:03.191-05:00  INFO 8828 --- [app-exception-logs] [SpringApplicationShutdownHook] com.zaxxer.hikari.HikariDataSource       : HikariPool-1 - Shutdown completed.
